C:\DEV\TRADELINK\BROKERSERVERS\DEBUG\TRADELIBFAST.DLL
C:\dev\tradelink\BrokerServers\Debug\TradeLibFast.exp
C:\DEV\TRADELINK\BROKERSERVERS\DEBUG\TRADELIBFAST.ILK
C:\dev\tradelink\BrokerServers\Debug\TradeLibFast.lib
C:\DEV\TRADELINK\BROKERSERVERS\DEBUG\TRADELIBFAST.PDB
C:\DEV\TRADELINK\BROKERSERVERS\TRADELIBFAST\DEBUG\BARREQUEST.OBJ
C:\dev\tradelink\BrokerServers\TradeLibFast\Debug\cl.command.1.tlog
C:\dev\tradelink\BrokerServers\TradeLibFast\Debug\CL.read.1.tlog
C:\dev\tradelink\BrokerServers\TradeLibFast\Debug\CL.write.1.tlog
C:\DEV\TRADELINK\BROKERSERVERS\TRADELIBFAST\DEBUG\CONNECTS.OBJ
C:\DEV\TRADELINK\BROKERSERVERS\TRADELIBFAST\DEBUG\CONVERT.OBJ
C:\DEV\TRADELINK\BROKERSERVERS\TRADELIBFAST\DEBUG\ERRORSTRING.OBJ
C:\dev\tradelink\BrokerServers\TradeLibFast\Debug\link.1252.read.1.tlog
C:\dev\tradelink\BrokerServers\TradeLibFast\Debug\link.1252.write.1.tlog
C:\dev\tradelink\BrokerServers\TradeLibFast\Debug\link.1252-cvtres.read.1.tlog
C:\dev\tradelink\BrokerServers\TradeLibFast\Debug\link.1252-cvtres.write.1.tlog
C:\dev\tradelink\BrokerServers\TradeLibFast\Debug\link.3096.read.1.tlog
C:\dev\tradelink\BrokerServers\TradeLibFast\Debug\link.3096.write.1.tlog
C:\dev\tradelink\BrokerServers\TradeLibFast\Debug\link.3096-cvtres.read.1.tlog
C:\dev\tradelink\BrokerServers\TradeLibFast\Debug\link.3096-cvtres.write.1.tlog
C:\dev\tradelink\BrokerServers\TradeLibFast\Debug\link.3616.read.1.tlog
C:\dev\tradelink\BrokerServers\TradeLibFast\Debug\link.3616.write.1.tlog
C:\dev\tradelink\BrokerServers\TradeLibFast\Debug\link.3616-cvtres.read.1.tlog
C:\dev\tradelink\BrokerServers\TradeLibFast\Debug\link.3616-cvtres.write.1.tlog
C:\dev\tradelink\BrokerServers\TradeLibFast\Debug\link.4204.read.1.tlog
C:\dev\tradelink\BrokerServers\TradeLibFast\Debug\link.4204.write.1.tlog
C:\dev\tradelink\BrokerServers\TradeLibFast\Debug\link.4204-cvtres.read.1.tlog
C:\dev\tradelink\BrokerServers\TradeLibFast\Debug\link.4204-cvtres.write.1.tlog
C:\dev\tradelink\BrokerServers\TradeLibFast\Debug\link.4208.read.1.tlog
C:\dev\tradelink\BrokerServers\TradeLibFast\Debug\link.4208.write.1.tlog
C:\dev\tradelink\BrokerServers\TradeLibFast\Debug\link.4208-cvtres.read.1.tlog
C:\dev\tradelink\BrokerServers\TradeLibFast\Debug\link.4208-cvtres.write.1.tlog
C:\dev\tradelink\BrokerServers\TradeLibFast\Debug\link.5264.read.1.tlog
C:\dev\tradelink\BrokerServers\TradeLibFast\Debug\link.5264.write.1.tlog
C:\dev\tradelink\BrokerServers\TradeLibFast\Debug\link.5264-cvtres.read.1.tlog
C:\dev\tradelink\BrokerServers\TradeLibFast\Debug\link.5264-cvtres.write.1.tlog
C:\dev\tradelink\BrokerServers\TradeLibFast\Debug\link.5548.read.1.tlog
C:\dev\tradelink\BrokerServers\TradeLibFast\Debug\link.5548.write.1.tlog
C:\dev\tradelink\BrokerServers\TradeLibFast\Debug\link.5548-cvtres.read.1.tlog
C:\dev\tradelink\BrokerServers\TradeLibFast\Debug\link.5548-cvtres.write.1.tlog
C:\dev\tradelink\BrokerServers\TradeLibFast\Debug\link.5556.read.1.tlog
C:\dev\tradelink\BrokerServers\TradeLibFast\Debug\link.5556.write.1.tlog
C:\dev\tradelink\BrokerServers\TradeLibFast\Debug\link.5556-cvtres.read.1.tlog
C:\dev\tradelink\BrokerServers\TradeLibFast\Debug\link.5556-cvtres.write.1.tlog
C:\dev\tradelink\BrokerServers\TradeLibFast\Debug\link.556.read.1.tlog
C:\dev\tradelink\BrokerServers\TradeLibFast\Debug\link.556.write.1.tlog
C:\dev\tradelink\BrokerServers\TradeLibFast\Debug\link.556-cvtres.read.1.tlog
C:\dev\tradelink\BrokerServers\TradeLibFast\Debug\link.556-cvtres.write.1.tlog
C:\dev\tradelink\BrokerServers\TradeLibFast\Debug\link.5808.read.1.tlog
C:\dev\tradelink\BrokerServers\TradeLibFast\Debug\link.5808.write.1.tlog
C:\dev\tradelink\BrokerServers\TradeLibFast\Debug\link.5808-cvtres.read.1.tlog
C:\dev\tradelink\BrokerServers\TradeLibFast\Debug\link.5808-cvtres.write.1.tlog
C:\dev\tradelink\BrokerServers\TradeLibFast\Debug\link.5908.read.1.tlog
C:\dev\tradelink\BrokerServers\TradeLibFast\Debug\link.5908.write.1.tlog
C:\dev\tradelink\BrokerServers\TradeLibFast\Debug\link.5908-cvtres.read.1.tlog
C:\dev\tradelink\BrokerServers\TradeLibFast\Debug\link.5908-cvtres.write.1.tlog
C:\dev\tradelink\BrokerServers\TradeLibFast\Debug\link.command.1.tlog
C:\dev\tradelink\BrokerServers\TradeLibFast\Debug\link.read.1.tlog
C:\dev\tradelink\BrokerServers\TradeLibFast\Debug\link.write.1.tlog
C:\dev\tradelink\BrokerServers\TradeLibFast\Debug\link-cvtres.read.1.tlog
C:\dev\tradelink\BrokerServers\TradeLibFast\Debug\link-cvtres.write.1.tlog
C:\DEV\TRADELINK\BROKERSERVERS\TRADELIBFAST\DEBUG\LISTENS.OBJ
C:\DEV\TRADELINK\BROKERSERVERS\TRADELIBFAST\DEBUG\LOG.OBJ
C:\dev\tradelink\BrokerServers\TradeLibFast\Debug\mt.command.1.tlog
C:\dev\tradelink\BrokerServers\TradeLibFast\Debug\mt.read.1.tlog
C:\dev\tradelink\BrokerServers\TradeLibFast\Debug\mt.write.1.tlog
C:\dev\tradelink\BrokerServers\TradeLibFast\Debug\rc.command.1.tlog
C:\dev\tradelink\BrokerServers\TradeLibFast\Debug\rc.read.1.tlog
C:\dev\tradelink\BrokerServers\TradeLibFast\Debug\rc.write.1.tlog
C:\DEV\TRADELINK\BROKERSERVERS\TRADELIBFAST\DEBUG\SERVERSOCKET.OBJ
C:\DEV\TRADELINK\BROKERSERVERS\TRADELIBFAST\DEBUG\SERVERT.OBJ
C:\DEV\TRADELINK\BROKERSERVERS\TRADELIBFAST\DEBUG\SOCKETTHREAD.OBJ
C:\DEV\TRADELINK\BROKERSERVERS\TRADELIBFAST\DEBUG\STDAFX.OBJ
C:\DEV\TRADELINK\BROKERSERVERS\TRADELIBFAST\DEBUG\TLBAR.OBJ
C:\DEV\TRADELINK\BROKERSERVERS\TRADELIBFAST\DEBUG\TLCLIENT_WM.OBJ
C:\DEV\TRADELINK\BROKERSERVERS\TRADELIBFAST\DEBUG\TLIMBALANCE.OBJ
C:\DEV\TRADELINK\BROKERSERVERS\TRADELIBFAST\DEBUG\TLMARKETBASKET.OBJ
C:\DEV\TRADELINK\BROKERSERVERS\TRADELIBFAST\DEBUG\TLORDER.OBJ
C:\DEV\TRADELINK\BROKERSERVERS\TRADELIBFAST\DEBUG\TLPACKET.OBJ
C:\DEV\TRADELINK\BROKERSERVERS\TRADELIBFAST\DEBUG\TLPOSITION.OBJ
C:\DEV\TRADELINK\BROKERSERVERS\TRADELIBFAST\DEBUG\TLSECURITY.OBJ
C:\DEV\TRADELINK\BROKERSERVERS\TRADELIBFAST\DEBUG\TLSERVER_IP.OBJ
C:\DEV\TRADELINK\BROKERSERVERS\TRADELIBFAST\DEBUG\TLSERVER_WM.OBJ
C:\DEV\TRADELINK\BROKERSERVERS\TRADELIBFAST\DEBUG\TLTICK.OBJ
C:\DEV\TRADELINK\BROKERSERVERS\TRADELIBFAST\DEBUG\TLTRADE.OBJ
C:\DEV\TRADELINK\BROKERSERVERS\TRADELIBFAST\DEBUG\TRACEPACKET.OBJ
C:\DEV\TRADELINK\BROKERSERVERS\TRADELIBFAST\DEBUG\TRADELIBFAST.DLL.EMBED.MANIFEST
C:\DEV\TRADELINK\BROKERSERVERS\TRADELIBFAST\DEBUG\TRADELIBFAST.DLL.EMBED.MANIFEST.RES
C:\DEV\TRADELINK\BROKERSERVERS\TRADELIBFAST\DEBUG\TRADELIBFAST.DLL.INTERMEDIATE.MANIFEST
C:\DEV\TRADELINK\BROKERSERVERS\TRADELIBFAST\DEBUG\TRADELIBFAST.OBJ
C:\DEV\TRADELINK\BROKERSERVERS\TRADELIBFAST\DEBUG\TRADELIBFAST.PCH
C:\DEV\TRADELINK\BROKERSERVERS\TRADELIBFAST\DEBUG\TRADELIBFAST.RES
C:\dev\tradelink\BrokerServers\TradeLibFast\Debug\TradeLibFast.write.1.tlog
C:\dev\tradelink\BrokerServers\TradeLibFast\Debug\TradeLibFast_manifest.rc
C:\DEV\TRADELINK\BROKERSERVERS\TRADELIBFAST\DEBUG\UTIL.OBJ
C:\dev\tradelink\BrokerServers\TradeLibFast\Debug\vc100.idb
C:\DEV\TRADELINK\BROKERSERVERS\TRADELIBFAST\DEBUG\VC100.PDB
